<?xml version="1.0" encoding="UTF-8"?>
<!-- Generated by org.testng.reporters.JUnitXMLReporter -->
<testsuite hostname="DIGAMBAR-PC" ignored="3" tests="0" failures="0" timestamp="02 Feb 2020 17:32:39 GMT" time="0.017" errors="0">
  <testcase name="verifyLogoutButton" time="0.0" classname="com.qa.tests.HomePageTest">
    <ignored/>
  </testcase> <!-- verifyLogoutButton -->
  <testcase name="verifyHomepageTitle" time="0.0" classname="com.qa.tests.HomePageTest">
    <ignored/>
  </testcase> <!-- verifyHomepageTitle -->
  <testcase name="verifyBrokenLinks" time="0.0" classname="com.qa.tests.HomePageTest">
    <ignored/>
  </testcase> <!-- verifyBrokenLinks -->
</testsuite>
